0 info it worked if it ends with ok
1 verbose cli [ 'E:\\Program Files\\nodejs\\node.exe',
1 verbose cli   'E:\\Program Files\\nodejs\\node_modules\\npm\\bin\\npm-cli.js',
1 verbose cli   'run',
1 verbose cli   'test-server' ]
2 info using npm@3.10.10
3 info using node@v6.11.1
4 verbose run-script [ 'pretest-server', 'test-server', 'posttest-server' ]
5 info lifecycle node-todo-api@1.0.0~pretest-server: node-todo-api@1.0.0
6 silly lifecycle node-todo-api@1.0.0~pretest-server: no script for pretest-server, continuing
7 info lifecycle node-todo-api@1.0.0~test-server: node-todo-api@1.0.0
8 verbose lifecycle node-todo-api@1.0.0~test-server: unsafe-perm in lifecycle true
9 verbose lifecycle node-todo-api@1.0.0~test-server: PATH: E:\Program Files\nodejs\node_modules\npm\bin\node-gyp-bin;C:\xampp\htdocs\www\NodeZadaniaApp\node_modules\.bin;E:\Users\Mariusz2\bin;E:\Program Files\Git\mingw64\bin;E:\Program Files\Git\usr\local\bin;E:\Program Files\Git\usr\bin;E:\Program Files\Git\usr\bin;E:\Program Files\Git\mingw64\bin;E:\Program Files\Git\usr\bin;E:\Users\Mariusz2\bin;E:\Program Files (x86)\AMD APP\bin\x86_64;E:\Program Files (x86)\AMD APP\bin\x86;E:\Windows\system32;E:\Windows;E:\Windows\System32\Wbem;E:\Windows\System32\WindowsPowerShell\v1.0;E:\Program Files (x86)\ATI Technologies\ATI.ACE\Core-Static;E:\Program Files\Git\cmd;E:\Program Files\nodejs;E:\Users\Mariusz2\AppData\Roaming\npm;E:\Program Files\Git\usr\bin\vendor_perl;E:\Program Files\Git\usr\bin\core_perl
10 verbose lifecycle node-todo-api@1.0.0~test-server: CWD: C:\xampp\htdocs\www\NodeZadaniaApp
11 silly lifecycle node-todo-api@1.0.0~test-server: Args: [ '/d /s /c',
11 silly lifecycle   'export NODE_ENV=test || SET "NODE_ENV=test" && mocha server/**/*.test.js && karma start' ]
12 silly lifecycle node-todo-api@1.0.0~test-server: Returned: code: 1  signal: null
13 info lifecycle node-todo-api@1.0.0~test-server: Failed to exec test-server script
14 verbose stack Error: node-todo-api@1.0.0 test-server: `export NODE_ENV=test || SET "NODE_ENV=test" && mocha server/**/*.test.js && karma start`
14 verbose stack Exit status 1
14 verbose stack     at EventEmitter.<anonymous> (E:\Program Files\nodejs\node_modules\npm\lib\utils\lifecycle.js:255:16)
14 verbose stack     at emitTwo (events.js:106:13)
14 verbose stack     at EventEmitter.emit (events.js:191:7)
14 verbose stack     at ChildProcess.<anonymous> (E:\Program Files\nodejs\node_modules\npm\lib\utils\spawn.js:40:14)
14 verbose stack     at emitTwo (events.js:106:13)
14 verbose stack     at ChildProcess.emit (events.js:191:7)
14 verbose stack     at maybeClose (internal/child_process.js:891:16)
14 verbose stack     at Process.ChildProcess._handle.onexit (internal/child_process.js:226:5)
15 verbose pkgid node-todo-api@1.0.0
16 verbose cwd C:\xampp\htdocs\www\NodeZadaniaApp
17 error Windows_NT 6.1.7601
18 error argv "E:\\Program Files\\nodejs\\node.exe" "E:\\Program Files\\nodejs\\node_modules\\npm\\bin\\npm-cli.js" "run" "test-server"
19 error node v6.11.1
20 error npm  v3.10.10
21 error code ELIFECYCLE
22 error node-todo-api@1.0.0 test-server: `export NODE_ENV=test || SET "NODE_ENV=test" && mocha server/**/*.test.js && karma start`
22 error Exit status 1
23 error Failed at the node-todo-api@1.0.0 test-server script 'export NODE_ENV=test || SET "NODE_ENV=test" && mocha server/**/*.test.js && karma start'.
23 error Make sure you have the latest version of node.js and npm installed.
23 error If you do, this is most likely a problem with the node-todo-api package,
23 error not with npm itself.
23 error Tell the author that this fails on your system:
23 error     export NODE_ENV=test || SET "NODE_ENV=test" && mocha server/**/*.test.js && karma start
23 error You can get information on how to open an issue for this project with:
23 error     npm bugs node-todo-api
23 error Or if that isn't available, you can get their info via:
23 error     npm owner ls node-todo-api
23 error There is likely additional logging output above.
24 verbose exit [ 1, true ]
